<?xml version="1.0" encoding="UTF-8"?>
<testsuite xmlns:xsi="http://www.w3.org/2001/XMLSchema-instance" xsi:noNamespaceSchemaLocation="https://maven.apache.org/surefire/maven-surefire-plugin/xsd/surefire-test-report.xsd" name="com.GoogleLLC.AppTest" time="0.028" tests="1" errors="0" skipped="0" failures="0">
  <properties>
    <property name="sun.desktop" value="gnome"/>
    <property name="awt.toolkit" value="sun.awt.X11.XToolkit"/>
    <property name="java.specification.version" value="11"/>
    <property name="sun.cpu.isalist" value=""/>
    <property name="sun.jnu.encoding" value="UTF-8"/>
    <property name="java.class.path" value="/usr/local/google/home/jstocklass/Desktop/current_work/StressTestingForBigQueryWriteAPI/StressTest/target/test-classes:/usr/local/google/home/jstocklass/Desktop/current_work/StressTestingForBigQueryWriteAPI/StressTest/target/classes:/usr/local/google/home/jstocklass/.m2/repository/com/google/cloud/google-cloud-bigquery/1.127.2/google-cloud-bigquery-1.127.2.jar:/usr/local/google/home/jstocklass/.m2/repository/com/google/cloud/google-cloud-core/1.94.0/google-cloud-core-1.94.0.jar:/usr/local/google/home/jstocklass/.m2/repository/com/google/protobuf/protobuf-java-util/3.14.0/protobuf-java-util-3.14.0.jar:/usr/local/google/home/jstocklass/.m2/repository/com/google/code/gson/gson/2.8.6/gson-2.8.6.jar:/usr/local/google/home/jstocklass/.m2/repository/com/google/api/grpc/proto-google-common-protos/2.0.1/proto-google-common-protos-2.0.1.jar:/usr/local/google/home/jstocklass/.m2/repository/com/google/api/grpc/proto-google-iam-v1/1.0.5/proto-google-iam-v1-1.0.5.jar:/usr/local/google/home/jstocklass/.m2/repository/com/google/auth/google-auth-library-credentials/0.22.2/google-auth-library-credentials-0.22.2.jar:/usr/local/google/home/jstocklass/.m2/repository/com/google/protobuf/protobuf-java/3.14.0/protobuf-java-3.14.0.jar:/usr/local/google/home/jstocklass/.m2/repository/com/google/cloud/google-cloud-core-http/1.94.0/google-cloud-core-http-1.94.0.jar:/usr/local/google/home/jstocklass/.m2/repository/com/google/api-client/google-api-client/1.31.1/google-api-client-1.31.1.jar:/usr/local/google/home/jstocklass/.m2/repository/com/google/oauth-client/google-oauth-client/1.31.2/google-oauth-client-1.31.2.jar:/usr/local/google/home/jstocklass/.m2/repository/com/google/http-client/google-http-client-apache-v2/1.38.0/google-http-client-apache-v2-1.38.0.jar:/usr/local/google/home/jstocklass/.m2/repository/com/google/http-client/google-http-client-appengine/1.38.0/google-http-client-appengine-1.38.0.jar:/usr/local/google/home/jstocklass/.m2/repository/com/google/api/gax-httpjson/0.77.1/gax-httpjson-0.77.1.jar:/usr/local/google/home/jstocklass/.m2/repository/io/opencensus/opencensus-api/0.24.0/opencensus-api-0.24.0.jar:/usr/local/google/home/jstocklass/.m2/repository/io/grpc/grpc-context/1.34.1/grpc-context-1.34.1.jar:/usr/local/google/home/jstocklass/.m2/repository/io/opencensus/opencensus-contrib-http-util/0.24.0/opencensus-contrib-http-util-0.24.0.jar:/usr/local/google/home/jstocklass/.m2/repository/com/google/http-client/google-http-client-jackson2/1.38.0/google-http-client-jackson2-1.38.0.jar:/usr/local/google/home/jstocklass/.m2/repository/com/fasterxml/jackson/core/jackson-core/2.12.1/jackson-core-2.12.1.jar:/usr/local/google/home/jstocklass/.m2/repository/com/google/http-client/google-http-client/1.38.0/google-http-client-1.38.0.jar:/usr/local/google/home/jstocklass/.m2/repository/org/apache/httpcomponents/httpclient/4.5.13/httpclient-4.5.13.jar:/usr/local/google/home/jstocklass/.m2/repository/commons-logging/commons-logging/1.2/commons-logging-1.2.jar:/usr/local/google/home/jstocklass/.m2/repository/commons-codec/commons-codec/1.15/commons-codec-1.15.jar:/usr/local/google/home/jstocklass/.m2/repository/org/apache/httpcomponents/httpcore/4.4.13/httpcore-4.4.13.jar:/usr/local/google/home/jstocklass/.m2/repository/com/google/j2objc/j2objc-annotations/1.3/j2objc-annotations-1.3.jar:/usr/local/google/home/jstocklass/.m2/repository/org/checkerframework/checker-compat-qual/2.5.5/checker-compat-qual-2.5.5.jar:/usr/local/google/home/jstocklass/.m2/repository/com/google/auth/google-auth-library-oauth2-http/0.22.2/google-auth-library-oauth2-http-0.22.2.jar:/usr/local/google/home/jstocklass/.m2/repository/com/google/code/findbugs/jsr305/3.0.2/jsr305-3.0.2.jar:/usr/local/google/home/jstocklass/.m2/repository/com/google/apis/google-api-services-bigquery/v2-rev20210204-1.31.0/google-api-services-bigquery-v2-rev20210204-1.31.0.jar:/usr/local/google/home/jstocklass/.m2/repository/com/google/api/api-common/1.10.1/api-common-1.10.1.jar:/usr/local/google/home/jstocklass/.m2/repository/javax/annotation/javax.annotation-api/1.3.2/javax.annotation-api-1.3.2.jar:/usr/local/google/home/jstocklass/.m2/repository/com/google/guava/guava/30.1-android/guava-30.1-android.jar:/usr/local/google/home/jstocklass/.m2/repository/com/google/guava/failureaccess/1.0.1/failureaccess-1.0.1.jar:/usr/local/google/home/jstocklass/.m2/repository/com/google/guava/listenablefuture/9999.0-empty-to-avoid-conflict-with-guava/listenablefuture-9999.0-empty-to-avoid-conflict-with-guava.jar:/usr/local/google/home/jstocklass/.m2/repository/com/google/api/gax/1.60.1/gax-1.60.1.jar:/usr/local/google/home/jstocklass/.m2/repository/org/threeten/threetenbp/1.5.0/threetenbp-1.5.0.jar:/usr/local/google/home/jstocklass/.m2/repository/com/google/errorprone/error_prone_annotations/2.5.0/error_prone_annotations-2.5.0.jar:/usr/local/google/home/jstocklass/.m2/repository/com/google/api/grpc/proto-google-cloud-bigquerystorage-v1alpha2/0.108.6-SNAPSHOT/proto-google-cloud-bigquerystorage-v1alpha2-0.108.6-SNAPSHOT.jar:/usr/local/google/home/jstocklass/.m2/repository/com/google/auto/value/auto-value-annotations/1.7.4/auto-value-annotations-1.7.4.jar:/usr/local/google/home/jstocklass/.m2/repository/com/google/api/grpc/proto-google-cloud-bigquerystorage-v1beta1/0.108.6-SNAPSHOT/proto-google-cloud-bigquerystorage-v1beta1-0.108.6-SNAPSHOT.jar:/usr/local/google/home/jstocklass/.m2/repository/com/google/api/grpc/proto-google-cloud-bigquerystorage-v1beta2/0.108.6-SNAPSHOT/proto-google-cloud-bigquerystorage-v1beta2-0.108.6-SNAPSHOT.jar:/usr/local/google/home/jstocklass/.m2/repository/com/google/api/grpc/proto-google-cloud-bigquerystorage-v1/1.8.6-SNAPSHOT/proto-google-cloud-bigquerystorage-v1-1.8.6-SNAPSHOT.jar:/usr/local/google/home/jstocklass/.m2/repository/com/google/api/grpc/grpc-google-cloud-bigquerystorage-v1alpha2/0.108.6-SNAPSHOT/grpc-google-cloud-bigquerystorage-v1alpha2-0.108.6-SNAPSHOT.jar:/usr/local/google/home/jstocklass/.m2/repository/io/grpc/grpc-api/1.34.1/grpc-api-1.34.1.jar:/usr/local/google/home/jstocklass/.m2/repository/org/codehaus/mojo/animal-sniffer-annotations/1.19/animal-sniffer-annotations-1.19.jar:/usr/local/google/home/jstocklass/.m2/repository/io/grpc/grpc-stub/1.34.1/grpc-stub-1.34.1.jar:/usr/local/google/home/jstocklass/.m2/repository/io/grpc/grpc-protobuf/1.34.1/grpc-protobuf-1.34.1.jar:/usr/local/google/home/jstocklass/.m2/repository/io/grpc/grpc-protobuf-lite/1.34.1/grpc-protobuf-lite-1.34.1.jar:/usr/local/google/home/jstocklass/.m2/repository/com/google/api/grpc/grpc-google-cloud-bigquerystorage-v1beta1/0.108.6-SNAPSHOT/grpc-google-cloud-bigquerystorage-v1beta1-0.108.6-SNAPSHOT.jar:/usr/local/google/home/jstocklass/.m2/repository/com/google/api/grpc/grpc-google-cloud-bigquerystorage-v1beta2/0.108.6-SNAPSHOT/grpc-google-cloud-bigquerystorage-v1beta2-0.108.6-SNAPSHOT.jar:/usr/local/google/home/jstocklass/.m2/repository/com/google/api/grpc/grpc-google-cloud-bigquerystorage-v1/1.8.6-SNAPSHOT/grpc-google-cloud-bigquerystorage-v1-1.8.6-SNAPSHOT.jar:/usr/local/google/home/jstocklass/.m2/repository/com/google/cloud/google-cloud-bigquerystorage/1.8.6-SNAPSHOT/google-cloud-bigquerystorage-1.8.6-SNAPSHOT.jar:/usr/local/google/home/jstocklass/.m2/repository/com/google/api/gax-grpc/1.60.1/gax-grpc-1.60.1.jar:/usr/local/google/home/jstocklass/.m2/repository/io/grpc/grpc-auth/1.34.1/grpc-auth-1.34.1.jar:/usr/local/google/home/jstocklass/.m2/repository/io/grpc/grpc-netty-shaded/1.34.1/grpc-netty-shaded-1.34.1.jar:/usr/local/google/home/jstocklass/.m2/repository/io/grpc/grpc-alts/1.34.1/grpc-alts-1.34.1.jar:/usr/local/google/home/jstocklass/.m2/repository/io/grpc/grpc-grpclb/1.34.1/grpc-grpclb-1.34.1.jar:/usr/local/google/home/jstocklass/.m2/repository/org/apache/commons/commons-lang3/3.5/commons-lang3-3.5.jar:/usr/local/google/home/jstocklass/.m2/repository/org/conscrypt/conscrypt-openjdk-uber/2.5.1/conscrypt-openjdk-uber-2.5.1.jar:/usr/local/google/home/jstocklass/.m2/repository/io/grpc/grpc-core/1.34.1/grpc-core-1.34.1.jar:/usr/local/google/home/jstocklass/.m2/repository/com/google/android/annotations/4.1.1.4/annotations-4.1.1.4.jar:/usr/local/google/home/jstocklass/.m2/repository/io/perfmark/perfmark-api/0.19.0/perfmark-api-0.19.0.jar:/usr/local/google/home/jstocklass/.m2/repository/org/json/json/20200518/json-20200518.jar:/usr/local/google/home/jstocklass/.m2/repository/junit/junit/4.13.2/junit-4.13.2.jar:/usr/local/google/home/jstocklass/.m2/repository/org/hamcrest/hamcrest-core/1.3/hamcrest-core-1.3.jar:"/>
    <property name="java.vm.vendor" value="Google Inc."/>
    <property name="sun.arch.data.model" value="64"/>
    <property name="java.vendor.url" value="https://goto.google.com/java-platform"/>
    <property name="user.timezone" value=""/>
    <property name="java.vm.specification.version" value="11"/>
    <property name="os.name" value="Linux"/>
    <property name="sun.java.launcher" value="SUN_STANDARD"/>
    <property name="user.country" value="US"/>
    <property name="sun.boot.library.path" value="/usr/local/buildtools/java/jdk11/lib"/>
    <property name="sun.java.command" value="/usr/local/google/home/jstocklass/Desktop/current_work/StressTestingForBigQueryWriteAPI/StressTest/target/surefire/surefirebooter1315962526994157728.jar /usr/local/google/home/jstocklass/Desktop/current_work/StressTestingForBigQueryWriteAPI/StressTest/target/surefire 2021-03-24T21-09-35_664-jvmRun1 surefire16263115797507687951tmp surefire_02354803095311555930tmp"/>
    <property name="jdk.debug" value="release"/>
    <property name="surefire.test.class.path" value="/usr/local/google/home/jstocklass/Desktop/current_work/StressTestingForBigQueryWriteAPI/StressTest/target/test-classes:/usr/local/google/home/jstocklass/Desktop/current_work/StressTestingForBigQueryWriteAPI/StressTest/target/classes:/usr/local/google/home/jstocklass/.m2/repository/com/google/cloud/google-cloud-bigquery/1.127.2/google-cloud-bigquery-1.127.2.jar:/usr/local/google/home/jstocklass/.m2/repository/com/google/cloud/google-cloud-core/1.94.0/google-cloud-core-1.94.0.jar:/usr/local/google/home/jstocklass/.m2/repository/com/google/protobuf/protobuf-java-util/3.14.0/protobuf-java-util-3.14.0.jar:/usr/local/google/home/jstocklass/.m2/repository/com/google/code/gson/gson/2.8.6/gson-2.8.6.jar:/usr/local/google/home/jstocklass/.m2/repository/com/google/api/grpc/proto-google-common-protos/2.0.1/proto-google-common-protos-2.0.1.jar:/usr/local/google/home/jstocklass/.m2/repository/com/google/api/grpc/proto-google-iam-v1/1.0.5/proto-google-iam-v1-1.0.5.jar:/usr/local/google/home/jstocklass/.m2/repository/com/google/auth/google-auth-library-credentials/0.22.2/google-auth-library-credentials-0.22.2.jar:/usr/local/google/home/jstocklass/.m2/repository/com/google/protobuf/protobuf-java/3.14.0/protobuf-java-3.14.0.jar:/usr/local/google/home/jstocklass/.m2/repository/com/google/cloud/google-cloud-core-http/1.94.0/google-cloud-core-http-1.94.0.jar:/usr/local/google/home/jstocklass/.m2/repository/com/google/api-client/google-api-client/1.31.1/google-api-client-1.31.1.jar:/usr/local/google/home/jstocklass/.m2/repository/com/google/oauth-client/google-oauth-client/1.31.2/google-oauth-client-1.31.2.jar:/usr/local/google/home/jstocklass/.m2/repository/com/google/http-client/google-http-client-apache-v2/1.38.0/google-http-client-apache-v2-1.38.0.jar:/usr/local/google/home/jstocklass/.m2/repository/com/google/http-client/google-http-client-appengine/1.38.0/google-http-client-appengine-1.38.0.jar:/usr/local/google/home/jstocklass/.m2/repository/com/google/api/gax-httpjson/0.77.1/gax-httpjson-0.77.1.jar:/usr/local/google/home/jstocklass/.m2/repository/io/opencensus/opencensus-api/0.24.0/opencensus-api-0.24.0.jar:/usr/local/google/home/jstocklass/.m2/repository/io/grpc/grpc-context/1.34.1/grpc-context-1.34.1.jar:/usr/local/google/home/jstocklass/.m2/repository/io/opencensus/opencensus-contrib-http-util/0.24.0/opencensus-contrib-http-util-0.24.0.jar:/usr/local/google/home/jstocklass/.m2/repository/com/google/http-client/google-http-client-jackson2/1.38.0/google-http-client-jackson2-1.38.0.jar:/usr/local/google/home/jstocklass/.m2/repository/com/fasterxml/jackson/core/jackson-core/2.12.1/jackson-core-2.12.1.jar:/usr/local/google/home/jstocklass/.m2/repository/com/google/http-client/google-http-client/1.38.0/google-http-client-1.38.0.jar:/usr/local/google/home/jstocklass/.m2/repository/org/apache/httpcomponents/httpclient/4.5.13/httpclient-4.5.13.jar:/usr/local/google/home/jstocklass/.m2/repository/commons-logging/commons-logging/1.2/commons-logging-1.2.jar:/usr/local/google/home/jstocklass/.m2/repository/commons-codec/commons-codec/1.15/commons-codec-1.15.jar:/usr/local/google/home/jstocklass/.m2/repository/org/apache/httpcomponents/httpcore/4.4.13/httpcore-4.4.13.jar:/usr/local/google/home/jstocklass/.m2/repository/com/google/j2objc/j2objc-annotations/1.3/j2objc-annotations-1.3.jar:/usr/local/google/home/jstocklass/.m2/repository/org/checkerframework/checker-compat-qual/2.5.5/checker-compat-qual-2.5.5.jar:/usr/local/google/home/jstocklass/.m2/repository/com/google/auth/google-auth-library-oauth2-http/0.22.2/google-auth-library-oauth2-http-0.22.2.jar:/usr/local/google/home/jstocklass/.m2/repository/com/google/code/findbugs/jsr305/3.0.2/jsr305-3.0.2.jar:/usr/local/google/home/jstocklass/.m2/repository/com/google/apis/google-api-services-bigquery/v2-rev20210204-1.31.0/google-api-services-bigquery-v2-rev20210204-1.31.0.jar:/usr/local/google/home/jstocklass/.m2/repository/com/google/api/api-common/1.10.1/api-common-1.10.1.jar:/usr/local/google/home/jstocklass/.m2/repository/javax/annotation/javax.annotation-api/1.3.2/javax.annotation-api-1.3.2.jar:/usr/local/google/home/jstocklass/.m2/repository/com/google/guava/guava/30.1-android/guava-30.1-android.jar:/usr/local/google/home/jstocklass/.m2/repository/com/google/guava/failureaccess/1.0.1/failureaccess-1.0.1.jar:/usr/local/google/home/jstocklass/.m2/repository/com/google/guava/listenablefuture/9999.0-empty-to-avoid-conflict-with-guava/listenablefuture-9999.0-empty-to-avoid-conflict-with-guava.jar:/usr/local/google/home/jstocklass/.m2/repository/com/google/api/gax/1.60.1/gax-1.60.1.jar:/usr/local/google/home/jstocklass/.m2/repository/org/threeten/threetenbp/1.5.0/threetenbp-1.5.0.jar:/usr/local/google/home/jstocklass/.m2/repository/com/google/errorprone/error_prone_annotations/2.5.0/error_prone_annotations-2.5.0.jar:/usr/local/google/home/jstocklass/.m2/repository/com/google/api/grpc/proto-google-cloud-bigquerystorage-v1alpha2/0.108.6-SNAPSHOT/proto-google-cloud-bigquerystorage-v1alpha2-0.108.6-SNAPSHOT.jar:/usr/local/google/home/jstocklass/.m2/repository/com/google/auto/value/auto-value-annotations/1.7.4/auto-value-annotations-1.7.4.jar:/usr/local/google/home/jstocklass/.m2/repository/com/google/api/grpc/proto-google-cloud-bigquerystorage-v1beta1/0.108.6-SNAPSHOT/proto-google-cloud-bigquerystorage-v1beta1-0.108.6-SNAPSHOT.jar:/usr/local/google/home/jstocklass/.m2/repository/com/google/api/grpc/proto-google-cloud-bigquerystorage-v1beta2/0.108.6-SNAPSHOT/proto-google-cloud-bigquerystorage-v1beta2-0.108.6-SNAPSHOT.jar:/usr/local/google/home/jstocklass/.m2/repository/com/google/api/grpc/proto-google-cloud-bigquerystorage-v1/1.8.6-SNAPSHOT/proto-google-cloud-bigquerystorage-v1-1.8.6-SNAPSHOT.jar:/usr/local/google/home/jstocklass/.m2/repository/com/google/api/grpc/grpc-google-cloud-bigquerystorage-v1alpha2/0.108.6-SNAPSHOT/grpc-google-cloud-bigquerystorage-v1alpha2-0.108.6-SNAPSHOT.jar:/usr/local/google/home/jstocklass/.m2/repository/io/grpc/grpc-api/1.34.1/grpc-api-1.34.1.jar:/usr/local/google/home/jstocklass/.m2/repository/org/codehaus/mojo/animal-sniffer-annotations/1.19/animal-sniffer-annotations-1.19.jar:/usr/local/google/home/jstocklass/.m2/repository/io/grpc/grpc-stub/1.34.1/grpc-stub-1.34.1.jar:/usr/local/google/home/jstocklass/.m2/repository/io/grpc/grpc-protobuf/1.34.1/grpc-protobuf-1.34.1.jar:/usr/local/google/home/jstocklass/.m2/repository/io/grpc/grpc-protobuf-lite/1.34.1/grpc-protobuf-lite-1.34.1.jar:/usr/local/google/home/jstocklass/.m2/repository/com/google/api/grpc/grpc-google-cloud-bigquerystorage-v1beta1/0.108.6-SNAPSHOT/grpc-google-cloud-bigquerystorage-v1beta1-0.108.6-SNAPSHOT.jar:/usr/local/google/home/jstocklass/.m2/repository/com/google/api/grpc/grpc-google-cloud-bigquerystorage-v1beta2/0.108.6-SNAPSHOT/grpc-google-cloud-bigquerystorage-v1beta2-0.108.6-SNAPSHOT.jar:/usr/local/google/home/jstocklass/.m2/repository/com/google/api/grpc/grpc-google-cloud-bigquerystorage-v1/1.8.6-SNAPSHOT/grpc-google-cloud-bigquerystorage-v1-1.8.6-SNAPSHOT.jar:/usr/local/google/home/jstocklass/.m2/repository/com/google/cloud/google-cloud-bigquerystorage/1.8.6-SNAPSHOT/google-cloud-bigquerystorage-1.8.6-SNAPSHOT.jar:/usr/local/google/home/jstocklass/.m2/repository/com/google/api/gax-grpc/1.60.1/gax-grpc-1.60.1.jar:/usr/local/google/home/jstocklass/.m2/repository/io/grpc/grpc-auth/1.34.1/grpc-auth-1.34.1.jar:/usr/local/google/home/jstocklass/.m2/repository/io/grpc/grpc-netty-shaded/1.34.1/grpc-netty-shaded-1.34.1.jar:/usr/local/google/home/jstocklass/.m2/repository/io/grpc/grpc-alts/1.34.1/grpc-alts-1.34.1.jar:/usr/local/google/home/jstocklass/.m2/repository/io/grpc/grpc-grpclb/1.34.1/grpc-grpclb-1.34.1.jar:/usr/local/google/home/jstocklass/.m2/repository/org/apache/commons/commons-lang3/3.5/commons-lang3-3.5.jar:/usr/local/google/home/jstocklass/.m2/repository/org/conscrypt/conscrypt-openjdk-uber/2.5.1/conscrypt-openjdk-uber-2.5.1.jar:/usr/local/google/home/jstocklass/.m2/repository/io/grpc/grpc-core/1.34.1/grpc-core-1.34.1.jar:/usr/local/google/home/jstocklass/.m2/repository/com/google/android/annotations/4.1.1.4/annotations-4.1.1.4.jar:/usr/local/google/home/jstocklass/.m2/repository/io/perfmark/perfmark-api/0.19.0/perfmark-api-0.19.0.jar:/usr/local/google/home/jstocklass/.m2/repository/org/json/json/20200518/json-20200518.jar:/usr/local/google/home/jstocklass/.m2/repository/junit/junit/4.13.2/junit-4.13.2.jar:/usr/local/google/home/jstocklass/.m2/repository/org/hamcrest/hamcrest-core/1.3/hamcrest-core-1.3.jar:"/>
    <property name="sun.cpu.endian" value="little"/>
    <property name="user.home" value="/usr/local/google/home/jstocklass"/>
    <property name="user.language" value="en"/>
    <property name="java.specification.vendor" value="Oracle Corporation"/>
    <property name="java.version.date" value="2021-03-16"/>
    <property name="java.home" value="/usr/local/buildtools/java/jdk11"/>
    <property name="file.separator" value="/"/>
    <property name="basedir" value="/usr/local/google/home/jstocklass/Desktop/current_work/StressTestingForBigQueryWriteAPI/StressTest"/>
    <property name="java.vm.compressedOopsMode" value="Zero based"/>
    <property name="line.separator" value="&#10;"/>
    <property name="java.specification.name" value="Java Platform API Specification"/>
    <property name="java.vm.specification.vendor" value="Oracle Corporation"/>
    <property name="java.awt.graphicsenv" value="sun.awt.X11GraphicsEnvironment"/>
    <property name="surefire.real.class.path" value="/usr/local/google/home/jstocklass/Desktop/current_work/StressTestingForBigQueryWriteAPI/StressTest/target/surefire/surefirebooter1315962526994157728.jar"/>
    <property name="sun.management.compiler" value="HotSpot 64-Bit Tiered Compilers"/>
    <property name="java.runtime.version" value="11.0.10+9-google-release-363282249"/>
    <property name="user.name" value="jstocklass"/>
    <property name="path.separator" value=":"/>
    <property name="os.version" value="5.7.17-1rodete5-amd64"/>
    <property name="java.runtime.name" value="OpenJDK Runtime Environment"/>
    <property name="file.encoding" value="UTF-8"/>
    <property name="java.vm.name" value="OpenJDK 64-Bit Server VM"/>
    <property name="localRepository" value="/usr/local/google/home/jstocklass/.m2/repository"/>
    <property name="java.vendor.url.bug" value="http://b.corp.google.com/createIssue?component=32554"/>
    <property name="java.io.tmpdir" value="/tmp"/>
    <property name="java.version" value="11.0.10"/>
    <property name="user.dir" value="/usr/local/google/home/jstocklass/Desktop/current_work/StressTestingForBigQueryWriteAPI/StressTest"/>
    <property name="os.arch" value="amd64"/>
    <property name="java.vm.specification.name" value="Java Virtual Machine Specification"/>
    <property name="java.awt.printerjob" value="sun.print.PSPrinterJob"/>
    <property name="sun.os.patch.level" value="unknown"/>
    <property name="java.library.path" value="/usr/lib/mesa-diverted/x86_64-linux-gnu:/usr/lib/x86_64-linux-gnu/mesa:/usr/lib/x86_64-linux-gnu/dri:/usr/lib/x86_64-linux-gnu/gallium-pipe:/usr/java/packages/lib:/usr/lib64:/lib64:/lib:/usr/lib"/>
    <property name="java.vm.info" value="mixed mode, sharing"/>
    <property name="java.vendor" value="Google Inc."/>
    <property name="java.vm.version" value="11.0.10+9-google-release-363282249"/>
    <property name="sun.io.unicode.encoding" value="UnicodeLittle"/>
    <property name="java.class.version" value="55.0"/>
  </properties>
  <testcase name="testApp" classname="com.GoogleLLC.AppTest" time="0.002"/>
</testsuite>